<?xml version="1.0" encoding="UTF-8"?>
<testng-results ignored="0" total="1" passed="1" failed="0" skipped="0">
  <reporter-output>
  </reporter-output>
  <suite started-at="2023-09-14T00:35:55 IST" name="Default suite" finished-at="2023-09-14T00:35:55 IST" duration-ms="469">
    <groups>
    </groups>
    <test started-at="2023-09-14T00:35:55 IST" name="Default test" finished-at="2023-09-14T00:35:55 IST" duration-ms="469">
      <class name="demo.Demo">
        <test-method signature="test()[pri:0, instance:demo.Demo@611889f4]" started-at="2023-09-14T00:35:55 IST" name="test" finished-at="2023-09-14T00:35:55 IST" duration-ms="444" status="PASS">
          <reporter-output>
          </reporter-output>
        </test-method> <!-- test -->
      </class> <!-- demo.Demo -->
    </test> <!-- Default test -->
  </suite> <!-- Default suite -->
</testng-results>
